0 info it worked if it ends with ok
1 verbose cli [ 'node', '/usr/local/bin/npm', 'install' ]
2 info using npm@1.3.5
3 info using node@v0.10.15
4 warn package.json assets@0.0.0 No description
5 warn package.json assets@0.0.0 No repository field.
6 warn package.json assets@0.0.0 No README data
7 verbose readDependencies using package.json deps
8 verbose install where, deps [ '/Users/n92792/Documents/workspace/H2H_Phonegap/h2h/platforms/android/assets',
8 verbose install   [ 'grunt',
8 verbose install     'grunt-contrib-copy',
8 verbose install     'grunt-contrib-concat',
8 verbose install     'grunt-contrib-coffee',
8 verbose install     'grunt-contrib-uglify',
8 verbose install     'grunt-contrib-compass',
8 verbose install     'grunt-contrib-jshint',
8 verbose install     'grunt-contrib-cssmin',
8 verbose install     'grunt-contrib-connect',
8 verbose install     'grunt-contrib-clean',
8 verbose install     'grunt-contrib-htmlmin',
8 verbose install     'grunt-contrib-imagemin',
8 verbose install     'grunt-contrib-watch',
8 verbose install     'grunt-usemin',
8 verbose install     'grunt-svgmin',
8 verbose install     'grunt-rev',
8 verbose install     'grunt-karma',
8 verbose install     'grunt-open',
8 verbose install     'grunt-concurrent',
8 verbose install     'matchdep',
8 verbose install     'connect-livereload',
8 verbose install     'grunt-google-cdn',
8 verbose install     'grunt-ngmin' ] ]
9 info preinstall assets@0.0.0
10 verbose readDependencies using package.json deps
11 verbose cache add [ 'grunt@~0.4.1', null ]
12 verbose cache add name=undefined spec="grunt@~0.4.1" args=["grunt@~0.4.1",null]
13 verbose parsed url { protocol: null,
13 verbose parsed url   slashes: null,
13 verbose parsed url   auth: null,
13 verbose parsed url   host: null,
13 verbose parsed url   port: null,
13 verbose parsed url   hostname: null,
13 verbose parsed url   hash: null,
13 verbose parsed url   search: null,
13 verbose parsed url   query: null,
13 verbose parsed url   pathname: 'grunt@~0.4.1',
13 verbose parsed url   path: 'grunt@~0.4.1',
13 verbose parsed url   href: 'grunt@~0.4.1' }
14 verbose cache add name="grunt" spec="~0.4.1" args=["grunt","~0.4.1"]
15 verbose parsed url { protocol: null,
15 verbose parsed url   slashes: null,
15 verbose parsed url   auth: null,
15 verbose parsed url   host: null,
15 verbose parsed url   port: null,
15 verbose parsed url   hostname: null,
15 verbose parsed url   hash: null,
15 verbose parsed url   search: null,
15 verbose parsed url   query: null,
15 verbose parsed url   pathname: '~0.4.1',
15 verbose parsed url   path: '~0.4.1',
15 verbose parsed url   href: '~0.4.1' }
16 verbose addNamed [ 'grunt', '~0.4.1' ]
17 verbose addNamed [ null, '>=0.4.1-0 <0.5.0-0' ]
18 verbose cache add [ 'grunt-contrib-copy@~0.4.1', null ]
19 verbose cache add name=undefined spec="grunt-contrib-copy@~0.4.1" args=["grunt-contrib-copy@~0.4.1",null]
20 verbose parsed url { protocol: null,
20 verbose parsed url   slashes: null,
20 verbose parsed url   auth: null,
20 verbose parsed url   host: null,
20 verbose parsed url   port: null,
20 verbose parsed url   hostname: null,
20 verbose parsed url   hash: null,
20 verbose parsed url   search: null,
20 verbose parsed url   query: null,
20 verbose parsed url   pathname: 'grunt-contrib-copy@~0.4.1',
20 verbose parsed url   path: 'grunt-contrib-copy@~0.4.1',
20 verbose parsed url   href: 'grunt-contrib-copy@~0.4.1' }
21 verbose cache add name="grunt-contrib-copy" spec="~0.4.1" args=["grunt-contrib-copy","~0.4.1"]
22 verbose parsed url { protocol: null,
22 verbose parsed url   slashes: null,
22 verbose parsed url   auth: null,
22 verbose parsed url   host: null,
22 verbose parsed url   port: null,
22 verbose parsed url   hostname: null,
22 verbose parsed url   hash: null,
22 verbose parsed url   search: null,
22 verbose parsed url   query: null,
22 verbose parsed url   pathname: '~0.4.1',
22 verbose parsed url   path: '~0.4.1',
22 verbose parsed url   href: '~0.4.1' }
23 verbose addNamed [ 'grunt-contrib-copy', '~0.4.1' ]
24 verbose addNamed [ null, '>=0.4.1-0 <0.5.0-0' ]
25 verbose cache add [ 'grunt-contrib-coffee@~0.7.0', null ]
26 verbose cache add name=undefined spec="grunt-contrib-coffee@~0.7.0" args=["grunt-contrib-coffee@~0.7.0",null]
27 verbose parsed url { protocol: null,
27 verbose parsed url   slashes: null,
27 verbose parsed url   auth: null,
27 verbose parsed url   host: null,
27 verbose parsed url   port: null,
27 verbose parsed url   hostname: null,
27 verbose parsed url   hash: null,
27 verbose parsed url   search: null,
27 verbose parsed url   query: null,
27 verbose parsed url   pathname: 'grunt-contrib-coffee@~0.7.0',
27 verbose parsed url   path: 'grunt-contrib-coffee@~0.7.0',
27 verbose parsed url   href: 'grunt-contrib-coffee@~0.7.0' }
28 verbose cache add name="grunt-contrib-coffee" spec="~0.7.0" args=["grunt-contrib-coffee","~0.7.0"]
29 verbose parsed url { protocol: null,
29 verbose parsed url   slashes: null,
29 verbose parsed url   auth: null,
29 verbose parsed url   host: null,
29 verbose parsed url   port: null,
29 verbose parsed url   hostname: null,
29 verbose parsed url   hash: null,
29 verbose parsed url   search: null,
29 verbose parsed url   query: null,
29 verbose parsed url   pathname: '~0.7.0',
29 verbose parsed url   path: '~0.7.0',
29 verbose parsed url   href: '~0.7.0' }
30 verbose addNamed [ 'grunt-contrib-coffee', '~0.7.0' ]
31 verbose addNamed [ null, '>=0.7.0-0 <0.8.0-0' ]
32 verbose cache add [ 'grunt-contrib-concat@~0.3.0', null ]
33 verbose cache add name=undefined spec="grunt-contrib-concat@~0.3.0" args=["grunt-contrib-concat@~0.3.0",null]
34 verbose parsed url { protocol: null,
34 verbose parsed url   slashes: null,
34 verbose parsed url   auth: null,
34 verbose parsed url   host: null,
34 verbose parsed url   port: null,
34 verbose parsed url   hostname: null,
34 verbose parsed url   hash: null,
34 verbose parsed url   search: null,
34 verbose parsed url   query: null,
34 verbose parsed url   pathname: 'grunt-contrib-concat@~0.3.0',
34 verbose parsed url   path: 'grunt-contrib-concat@~0.3.0',
34 verbose parsed url   href: 'grunt-contrib-concat@~0.3.0' }
35 verbose cache add name="grunt-contrib-concat" spec="~0.3.0" args=["grunt-contrib-concat","~0.3.0"]
36 verbose parsed url { protocol: null,
36 verbose parsed url   slashes: null,
36 verbose parsed url   auth: null,
36 verbose parsed url   host: null,
36 verbose parsed url   port: null,
36 verbose parsed url   hostname: null,
36 verbose parsed url   hash: null,
36 verbose parsed url   search: null,
36 verbose parsed url   query: null,
36 verbose parsed url   pathname: '~0.3.0',
36 verbose parsed url   path: '~0.3.0',
36 verbose parsed url   href: '~0.3.0' }
37 verbose addNamed [ 'grunt-contrib-concat', '~0.3.0' ]
38 verbose addNamed [ null, '>=0.3.0-0 <0.4.0-0' ]
39 verbose cache add [ 'grunt-contrib-uglify@~0.2.0', null ]
40 verbose cache add name=undefined spec="grunt-contrib-uglify@~0.2.0" args=["grunt-contrib-uglify@~0.2.0",null]
41 verbose parsed url { protocol: null,
41 verbose parsed url   slashes: null,
41 verbose parsed url   auth: null,
41 verbose parsed url   host: null,
41 verbose parsed url   port: null,
41 verbose parsed url   hostname: null,
41 verbose parsed url   hash: null,
41 verbose parsed url   search: null,
41 verbose parsed url   query: null,
41 verbose parsed url   pathname: 'grunt-contrib-uglify@~0.2.0',
41 verbose parsed url   path: 'grunt-contrib-uglify@~0.2.0',
41 verbose parsed url   href: 'grunt-contrib-uglify@~0.2.0' }
42 verbose cache add name="grunt-contrib-uglify" spec="~0.2.0" args=["grunt-contrib-uglify","~0.2.0"]
43 verbose parsed url { protocol: null,
43 verbose parsed url   slashes: null,
43 verbose parsed url   auth: null,
43 verbose parsed url   host: null,
43 verbose parsed url   port: null,
43 verbose parsed url   hostname: null,
43 verbose parsed url   hash: null,
43 verbose parsed url   search: null,
43 verbose parsed url   query: null,
43 verbose parsed url   pathname: '~0.2.0',
43 verbose parsed url   path: '~0.2.0',
43 verbose parsed url   href: '~0.2.0' }
44 verbose addNamed [ 'grunt-contrib-uglify', '~0.2.0' ]
45 verbose addNamed [ null, '>=0.2.0-0 <0.3.0-0' ]
46 silly lockFile 766a3bd3-grunt-0-4-1 grunt@~0.4.1
47 verbose lock grunt@~0.4.1 /Users/n92792/.npm/766a3bd3-grunt-0-4-1.lock
48 silly lockFile c84f658a-grunt-contrib-copy-0-4-1 grunt-contrib-copy@~0.4.1
49 verbose lock grunt-contrib-copy@~0.4.1 /Users/n92792/.npm/c84f658a-grunt-contrib-copy-0-4-1.lock
50 verbose cache add [ 'grunt-contrib-compass@~0.3.0', null ]
51 verbose cache add name=undefined spec="grunt-contrib-compass@~0.3.0" args=["grunt-contrib-compass@~0.3.0",null]
52 verbose parsed url { protocol: null,
52 verbose parsed url   slashes: null,
52 verbose parsed url   auth: null,
52 verbose parsed url   host: null,
52 verbose parsed url   port: null,
52 verbose parsed url   hostname: null,
52 verbose parsed url   hash: null,
52 verbose parsed url   search: null,
52 verbose parsed url   query: null,
52 verbose parsed url   pathname: 'grunt-contrib-compass@~0.3.0',
52 verbose parsed url   path: 'grunt-contrib-compass@~0.3.0',
52 verbose parsed url   href: 'grunt-contrib-compass@~0.3.0' }
53 verbose cache add name="grunt-contrib-compass" spec="~0.3.0" args=["grunt-contrib-compass","~0.3.0"]
54 verbose parsed url { protocol: null,
54 verbose parsed url   slashes: null,
54 verbose parsed url   auth: null,
54 verbose parsed url   host: null,
54 verbose parsed url   port: null,
54 verbose parsed url   hostname: null,
54 verbose parsed url   hash: null,
54 verbose parsed url   search: null,
54 verbose parsed url   query: null,
54 verbose parsed url   pathname: '~0.3.0',
54 verbose parsed url   path: '~0.3.0',
54 verbose parsed url   href: '~0.3.0' }
55 verbose addNamed [ 'grunt-contrib-compass', '~0.3.0' ]
56 verbose addNamed [ null, '>=0.3.0-0 <0.4.0-0' ]
57 silly lockFile a8a7974b-grunt-contrib-compass-0-3-0 grunt-contrib-compass@~0.3.0
58 verbose lock grunt-contrib-compass@~0.3.0 /Users/n92792/.npm/a8a7974b-grunt-contrib-compass-0-3-0.lock
59 verbose cache add [ 'grunt-contrib-jshint@~0.6.0', null ]
60 verbose cache add name=undefined spec="grunt-contrib-jshint@~0.6.0" args=["grunt-contrib-jshint@~0.6.0",null]
61 verbose parsed url { protocol: null,
61 verbose parsed url   slashes: null,
61 verbose parsed url   auth: null,
61 verbose parsed url   host: null,
61 verbose parsed url   port: null,
61 verbose parsed url   hostname: null,
61 verbose parsed url   hash: null,
61 verbose parsed url   search: null,
61 verbose parsed url   query: null,
61 verbose parsed url   pathname: 'grunt-contrib-jshint@~0.6.0',
61 verbose parsed url   path: 'grunt-contrib-jshint@~0.6.0',
61 verbose parsed url   href: 'grunt-contrib-jshint@~0.6.0' }
62 verbose cache add name="grunt-contrib-jshint" spec="~0.6.0" args=["grunt-contrib-jshint","~0.6.0"]
63 verbose parsed url { protocol: null,
63 verbose parsed url   slashes: null,
63 verbose parsed url   auth: null,
63 verbose parsed url   host: null,
63 verbose parsed url   port: null,
63 verbose parsed url   hostname: null,
63 verbose parsed url   hash: null,
63 verbose parsed url   search: null,
63 verbose parsed url   query: null,
63 verbose parsed url   pathname: '~0.6.0',
63 verbose parsed url   path: '~0.6.0',
63 verbose parsed url   href: '~0.6.0' }
64 verbose addNamed [ 'grunt-contrib-jshint', '~0.6.0' ]
65 verbose addNamed [ null, '>=0.6.0-0 <0.7.0-0' ]
66 silly lockFile 86a9e453-grunt-contrib-jshint-0-6-0 grunt-contrib-jshint@~0.6.0
67 verbose lock grunt-contrib-jshint@~0.6.0 /Users/n92792/.npm/86a9e453-grunt-contrib-jshint-0-6-0.lock
68 verbose cache add [ 'grunt-contrib-cssmin@~0.6.0', null ]
69 verbose cache add name=undefined spec="grunt-contrib-cssmin@~0.6.0" args=["grunt-contrib-cssmin@~0.6.0",null]
70 verbose parsed url { protocol: null,
70 verbose parsed url   slashes: null,
70 verbose parsed url   auth: null,
70 verbose parsed url   host: null,
70 verbose parsed url   port: null,
70 verbose parsed url   hostname: null,
70 verbose parsed url   hash: null,
70 verbose parsed url   search: null,
70 verbose parsed url   query: null,
70 verbose parsed url   pathname: 'grunt-contrib-cssmin@~0.6.0',
70 verbose parsed url   path: 'grunt-contrib-cssmin@~0.6.0',
70 verbose parsed url   href: 'grunt-contrib-cssmin@~0.6.0' }
71 verbose cache add name="grunt-contrib-cssmin" spec="~0.6.0" args=["grunt-contrib-cssmin","~0.6.0"]
72 verbose parsed url { protocol: null,
72 verbose parsed url   slashes: null,
72 verbose parsed url   auth: null,
72 verbose parsed url   host: null,
72 verbose parsed url   port: null,
72 verbose parsed url   hostname: null,
72 verbose parsed url   hash: null,
72 verbose parsed url   search: null,
72 verbose parsed url   query: null,
72 verbose parsed url   pathname: '~0.6.0',
72 verbose parsed url   path: '~0.6.0',
72 verbose parsed url   href: '~0.6.0' }
73 verbose addNamed [ 'grunt-contrib-cssmin', '~0.6.0' ]
74 verbose addNamed [ null, '>=0.6.0-0 <0.7.0-0' ]
75 silly lockFile 681ad0ec-grunt-contrib-cssmin-0-6-0 grunt-contrib-cssmin@~0.6.0
76 verbose lock grunt-contrib-cssmin@~0.6.0 /Users/n92792/.npm/681ad0ec-grunt-contrib-cssmin-0-6-0.lock
77 silly lockFile 2d9311bb-grunt-contrib-coffee-0-7-0 grunt-contrib-coffee@~0.7.0
78 verbose lock grunt-contrib-coffee@~0.7.0 /Users/n92792/.npm/2d9311bb-grunt-contrib-coffee-0-7-0.lock
79 silly lockFile 0e44e68e-grunt-contrib-concat-0-3-0 grunt-contrib-concat@~0.3.0
80 verbose lock grunt-contrib-concat@~0.3.0 /Users/n92792/.npm/0e44e68e-grunt-contrib-concat-0-3-0.lock
81 verbose cache add [ 'grunt-contrib-connect@~0.3.0', null ]
82 verbose cache add name=undefined spec="grunt-contrib-connect@~0.3.0" args=["grunt-contrib-connect@~0.3.0",null]
83 verbose parsed url { protocol: null,
83 verbose parsed url   slashes: null,
83 verbose parsed url   auth: null,
83 verbose parsed url   host: null,
83 verbose parsed url   port: null,
83 verbose parsed url   hostname: null,
83 verbose parsed url   hash: null,
83 verbose parsed url   search: null,
83 verbose parsed url   query: null,
83 verbose parsed url   pathname: 'grunt-contrib-connect@~0.3.0',
83 verbose parsed url   path: 'grunt-contrib-connect@~0.3.0',
83 verbose parsed url   href: 'grunt-contrib-connect@~0.3.0' }
84 verbose cache add name="grunt-contrib-connect" spec="~0.3.0" args=["grunt-contrib-connect","~0.3.0"]
85 verbose parsed url { protocol: null,
85 verbose parsed url   slashes: null,
85 verbose parsed url   auth: null,
85 verbose parsed url   host: null,
85 verbose parsed url   port: null,
85 verbose parsed url   hostname: null,
85 verbose parsed url   hash: null,
85 verbose parsed url   search: null,
85 verbose parsed url   query: null,
85 verbose parsed url   pathname: '~0.3.0',
85 verbose parsed url   path: '~0.3.0',
85 verbose parsed url   href: '~0.3.0' }
86 verbose addNamed [ 'grunt-contrib-connect', '~0.3.0' ]
87 verbose addNamed [ null, '>=0.3.0-0 <0.4.0-0' ]
88 silly lockFile ec92e4f7-grunt-contrib-connect-0-3-0 grunt-contrib-connect@~0.3.0
89 verbose lock grunt-contrib-connect@~0.3.0 /Users/n92792/.npm/ec92e4f7-grunt-contrib-connect-0-3-0.lock
90 verbose cache add [ 'grunt-contrib-clean@~0.4.1', null ]
91 verbose cache add name=undefined spec="grunt-contrib-clean@~0.4.1" args=["grunt-contrib-clean@~0.4.1",null]
92 verbose parsed url { protocol: null,
92 verbose parsed url   slashes: null,
92 verbose parsed url   auth: null,
92 verbose parsed url   host: null,
92 verbose parsed url   port: null,
92 verbose parsed url   hostname: null,
92 verbose parsed url   hash: null,
92 verbose parsed url   search: null,
92 verbose parsed url   query: null,
92 verbose parsed url   pathname: 'grunt-contrib-clean@~0.4.1',
92 verbose parsed url   path: 'grunt-contrib-clean@~0.4.1',
92 verbose parsed url   href: 'grunt-contrib-clean@~0.4.1' }
93 verbose cache add name="grunt-contrib-clean" spec="~0.4.1" args=["grunt-contrib-clean","~0.4.1"]
94 verbose parsed url { protocol: null,
94 verbose parsed url   slashes: null,
94 verbose parsed url   auth: null,
94 verbose parsed url   host: null,
94 verbose parsed url   port: null,
94 verbose parsed url   hostname: null,
94 verbose parsed url   hash: null,
94 verbose parsed url   search: null,
94 verbose parsed url   query: null,
94 verbose parsed url   pathname: '~0.4.1',
94 verbose parsed url   path: '~0.4.1',
94 verbose parsed url   href: '~0.4.1' }
95 verbose addNamed [ 'grunt-contrib-clean', '~0.4.1' ]
96 verbose addNamed [ null, '>=0.4.1-0 <0.5.0-0' ]
97 silly lockFile 6475a015-grunt-contrib-clean-0-4-1 grunt-contrib-clean@~0.4.1
98 verbose lock grunt-contrib-clean@~0.4.1 /Users/n92792/.npm/6475a015-grunt-contrib-clean-0-4-1.lock
99 verbose cache add [ 'grunt-contrib-htmlmin@~0.1.3', null ]
100 verbose cache add name=undefined spec="grunt-contrib-htmlmin@~0.1.3" args=["grunt-contrib-htmlmin@~0.1.3",null]
101 verbose parsed url { protocol: null,
101 verbose parsed url   slashes: null,
101 verbose parsed url   auth: null,
101 verbose parsed url   host: null,
101 verbose parsed url   port: null,
101 verbose parsed url   hostname: null,
101 verbose parsed url   hash: null,
101 verbose parsed url   search: null,
101 verbose parsed url   query: null,
101 verbose parsed url   pathname: 'grunt-contrib-htmlmin@~0.1.3',
101 verbose parsed url   path: 'grunt-contrib-htmlmin@~0.1.3',
101 verbose parsed url   href: 'grunt-contrib-htmlmin@~0.1.3' }
102 verbose cache add name="grunt-contrib-htmlmin" spec="~0.1.3" args=["grunt-contrib-htmlmin","~0.1.3"]
103 verbose parsed url { protocol: null,
103 verbose parsed url   slashes: null,
103 verbose parsed url   auth: null,
103 verbose parsed url   host: null,
103 verbose parsed url   port: null,
103 verbose parsed url   hostname: null,
103 verbose parsed url   hash: null,
103 verbose parsed url   search: null,
103 verbose parsed url   query: null,
103 verbose parsed url   pathname: '~0.1.3',
103 verbose parsed url   path: '~0.1.3',
103 verbose parsed url   href: '~0.1.3' }
104 verbose addNamed [ 'grunt-contrib-htmlmin', '~0.1.3' ]
105 verbose addNamed [ null, '>=0.1.3-0 <0.2.0-0' ]
106 silly lockFile 2f1223f9-grunt-contrib-htmlmin-0-1-3 grunt-contrib-htmlmin@~0.1.3
107 verbose lock grunt-contrib-htmlmin@~0.1.3 /Users/n92792/.npm/2f1223f9-grunt-contrib-htmlmin-0-1-3.lock
108 silly lockFile 2cc6dac2-grunt-contrib-uglify-0-2-0 grunt-contrib-uglify@~0.2.0
109 verbose lock grunt-contrib-uglify@~0.2.0 /Users/n92792/.npm/2cc6dac2-grunt-contrib-uglify-0-2-0.lock
110 verbose cache add [ 'grunt-contrib-imagemin@~0.1.4', null ]
111 verbose cache add name=undefined spec="grunt-contrib-imagemin@~0.1.4" args=["grunt-contrib-imagemin@~0.1.4",null]
112 verbose parsed url { protocol: null,
112 verbose parsed url   slashes: null,
112 verbose parsed url   auth: null,
112 verbose parsed url   host: null,
112 verbose parsed url   port: null,
112 verbose parsed url   hostname: null,
112 verbose parsed url   hash: null,
112 verbose parsed url   search: null,
112 verbose parsed url   query: null,
112 verbose parsed url   pathname: 'grunt-contrib-imagemin@~0.1.4',
112 verbose parsed url   path: 'grunt-contrib-imagemin@~0.1.4',
112 verbose parsed url   href: 'grunt-contrib-imagemin@~0.1.4' }
113 verbose cache add name="grunt-contrib-imagemin" spec="~0.1.4" args=["grunt-contrib-imagemin","~0.1.4"]
114 verbose parsed url { protocol: null,
114 verbose parsed url   slashes: null,
114 verbose parsed url   auth: null,
114 verbose parsed url   host: null,
114 verbose parsed url   port: null,
114 verbose parsed url   hostname: null,
114 verbose parsed url   hash: null,
114 verbose parsed url   search: null,
114 verbose parsed url   query: null,
114 verbose parsed url   pathname: '~0.1.4',
114 verbose parsed url   path: '~0.1.4',
114 verbose parsed url   href: '~0.1.4' }
115 verbose addNamed [ 'grunt-contrib-imagemin', '~0.1.4' ]
116 verbose addNamed [ null, '>=0.1.4-0 <0.2.0-0' ]
117 silly lockFile e955ffe7-grunt-contrib-imagemin-0-1-4 grunt-contrib-imagemin@~0.1.4
118 verbose lock grunt-contrib-imagemin@~0.1.4 /Users/n92792/.npm/e955ffe7-grunt-contrib-imagemin-0-1-4.lock
119 verbose cache add [ 'grunt-contrib-watch@~0.4.0', null ]
120 verbose cache add name=undefined spec="grunt-contrib-watch@~0.4.0" args=["grunt-contrib-watch@~0.4.0",null]
121 verbose parsed url { protocol: null,
121 verbose parsed url   slashes: null,
121 verbose parsed url   auth: null,
121 verbose parsed url   host: null,
121 verbose parsed url   port: null,
121 verbose parsed url   hostname: null,
121 verbose parsed url   hash: null,
121 verbose parsed url   search: null,
121 verbose parsed url   query: null,
121 verbose parsed url   pathname: 'grunt-contrib-watch@~0.4.0',
121 verbose parsed url   path: 'grunt-contrib-watch@~0.4.0',
121 verbose parsed url   href: 'grunt-contrib-watch@~0.4.0' }
122 verbose cache add name="grunt-contrib-watch" spec="~0.4.0" args=["grunt-contrib-watch","~0.4.0"]
123 verbose parsed url { protocol: null,
123 verbose parsed url   slashes: null,
123 verbose parsed url   auth: null,
123 verbose parsed url   host: null,
123 verbose parsed url   port: null,
123 verbose parsed url   hostname: null,
123 verbose parsed url   hash: null,
123 verbose parsed url   search: null,
123 verbose parsed url   query: null,
123 verbose parsed url   pathname: '~0.4.0',
123 verbose parsed url   path: '~0.4.0',
123 verbose parsed url   href: '~0.4.0' }
124 verbose addNamed [ 'grunt-contrib-watch', '~0.4.0' ]
125 verbose addNamed [ null, '>=0.4.0-0 <0.5.0-0' ]
126 silly lockFile a1b987bc-grunt-contrib-watch-0-4-0 grunt-contrib-watch@~0.4.0
127 verbose lock grunt-contrib-watch@~0.4.0 /Users/n92792/.npm/a1b987bc-grunt-contrib-watch-0-4-0.lock
128 verbose cache add [ 'grunt-usemin@~0.1.11', null ]
129 verbose cache add name=undefined spec="grunt-usemin@~0.1.11" args=["grunt-usemin@~0.1.11",null]
130 verbose parsed url { protocol: null,
130 verbose parsed url   slashes: null,
130 verbose parsed url   auth: null,
130 verbose parsed url   host: null,
130 verbose parsed url   port: null,
130 verbose parsed url   hostname: null,
130 verbose parsed url   hash: null,
130 verbose parsed url   search: null,
130 verbose parsed url   query: null,
130 verbose parsed url   pathname: 'grunt-usemin@~0.1.11',
130 verbose parsed url   path: 'grunt-usemin@~0.1.11',
130 verbose parsed url   href: 'grunt-usemin@~0.1.11' }
131 verbose cache add name="grunt-usemin" spec="~0.1.11" args=["grunt-usemin","~0.1.11"]
132 verbose parsed url { protocol: null,
132 verbose parsed url   slashes: null,
132 verbose parsed url   auth: null,
132 verbose parsed url   host: null,
132 verbose parsed url   port: null,
132 verbose parsed url   hostname: null,
132 verbose parsed url   hash: null,
132 verbose parsed url   search: null,
132 verbose parsed url   query: null,
132 verbose parsed url   pathname: '~0.1.11',
132 verbose parsed url   path: '~0.1.11',
132 verbose parsed url   href: '~0.1.11' }
133 verbose addNamed [ 'grunt-usemin', '~0.1.11' ]
134 verbose addNamed [ null, '>=0.1.11-0 <0.2.0-0' ]
135 silly lockFile 55260cee-grunt-usemin-0-1-11 grunt-usemin@~0.1.11
136 verbose lock grunt-usemin@~0.1.11 /Users/n92792/.npm/55260cee-grunt-usemin-0-1-11.lock
137 verbose cache add [ 'grunt-svgmin@~0.2.0', null ]
138 verbose cache add name=undefined spec="grunt-svgmin@~0.2.0" args=["grunt-svgmin@~0.2.0",null]
139 verbose parsed url { protocol: null,
139 verbose parsed url   slashes: null,
139 verbose parsed url   auth: null,
139 verbose parsed url   host: null,
139 verbose parsed url   port: null,
139 verbose parsed url   hostname: null,
139 verbose parsed url   hash: null,
139 verbose parsed url   search: null,
139 verbose parsed url   query: null,
139 verbose parsed url   pathname: 'grunt-svgmin@~0.2.0',
139 verbose parsed url   path: 'grunt-svgmin@~0.2.0',
139 verbose parsed url   href: 'grunt-svgmin@~0.2.0' }
140 verbose cache add name="grunt-svgmin" spec="~0.2.0" args=["grunt-svgmin","~0.2.0"]
141 verbose parsed url { protocol: null,
141 verbose parsed url   slashes: null,
141 verbose parsed url   auth: null,
141 verbose parsed url   host: null,
141 verbose parsed url   port: null,
141 verbose parsed url   hostname: null,
141 verbose parsed url   hash: null,
141 verbose parsed url   search: null,
141 verbose parsed url   query: null,
141 verbose parsed url   pathname: '~0.2.0',
141 verbose parsed url   path: '~0.2.0',
141 verbose parsed url   href: '~0.2.0' }
142 verbose addNamed [ 'grunt-svgmin', '~0.2.0' ]
143 verbose addNamed [ null, '>=0.2.0-0 <0.3.0-0' ]
144 silly lockFile fefef466-grunt-svgmin-0-2-0 grunt-svgmin@~0.2.0
145 verbose lock grunt-svgmin@~0.2.0 /Users/n92792/.npm/fefef466-grunt-svgmin-0-2-0.lock
146 verbose cache add [ 'grunt-rev@~0.1.0', null ]
147 verbose cache add name=undefined spec="grunt-rev@~0.1.0" args=["grunt-rev@~0.1.0",null]
148 verbose parsed url { protocol: null,
148 verbose parsed url   slashes: null,
148 verbose parsed url   auth: null,
148 verbose parsed url   host: null,
148 verbose parsed url   port: null,
148 verbose parsed url   hostname: null,
148 verbose parsed url   hash: null,
148 verbose parsed url   search: null,
148 verbose parsed url   query: null,
148 verbose parsed url   pathname: 'grunt-rev@~0.1.0',
148 verbose parsed url   path: 'grunt-rev@~0.1.0',
148 verbose parsed url   href: 'grunt-rev@~0.1.0' }
149 verbose cache add name="grunt-rev" spec="~0.1.0" args=["grunt-rev","~0.1.0"]
150 verbose parsed url { protocol: null,
150 verbose parsed url   slashes: null,
150 verbose parsed url   auth: null,
150 verbose parsed url   host: null,
150 verbose parsed url   port: null,
150 verbose parsed url   hostname: null,
150 verbose parsed url   hash: null,
150 verbose parsed url   search: null,
150 verbose parsed url   query: null,
150 verbose parsed url   pathname: '~0.1.0',
150 verbose parsed url   path: '~0.1.0',
150 verbose parsed url   href: '~0.1.0' }
151 verbose addNamed [ 'grunt-rev', '~0.1.0' ]
152 verbose addNamed [ null, '>=0.1.0-0 <0.2.0-0' ]
153 silly lockFile a3a49760-grunt-rev-0-1-0 grunt-rev@~0.1.0
154 verbose lock grunt-rev@~0.1.0 /Users/n92792/.npm/a3a49760-grunt-rev-0-1-0.lock
155 verbose cache add [ 'grunt-karma@~0.4.3', null ]
156 verbose cache add name=undefined spec="grunt-karma@~0.4.3" args=["grunt-karma@~0.4.3",null]
157 verbose parsed url { protocol: null,
157 verbose parsed url   slashes: null,
157 verbose parsed url   auth: null,
157 verbose parsed url   host: null,
157 verbose parsed url   port: null,
157 verbose parsed url   hostname: null,
157 verbose parsed url   hash: null,
157 verbose parsed url   search: null,
157 verbose parsed url   query: null,
157 verbose parsed url   pathname: 'grunt-karma@~0.4.3',
157 verbose parsed url   path: 'grunt-karma@~0.4.3',
157 verbose parsed url   href: 'grunt-karma@~0.4.3' }
158 verbose cache add name="grunt-karma" spec="~0.4.3" args=["grunt-karma","~0.4.3"]
159 verbose parsed url { protocol: null,
159 verbose parsed url   slashes: null,
159 verbose parsed url   auth: null,
159 verbose parsed url   host: null,
159 verbose parsed url   port: null,
159 verbose parsed url   hostname: null,
159 verbose parsed url   hash: null,
159 verbose parsed url   search: null,
159 verbose parsed url   query: null,
159 verbose parsed url   pathname: '~0.4.3',
159 verbose parsed url   path: '~0.4.3',
159 verbose parsed url   href: '~0.4.3' }
160 verbose addNamed [ 'grunt-karma', '~0.4.3' ]
161 verbose addNamed [ null, '>=0.4.3-0 <0.5.0-0' ]
162 silly lockFile 210e4a03-grunt-karma-0-4-3 grunt-karma@~0.4.3
163 verbose lock grunt-karma@~0.4.3 /Users/n92792/.npm/210e4a03-grunt-karma-0-4-3.lock
164 verbose cache add [ 'grunt-open@~0.2.0', null ]
165 verbose cache add name=undefined spec="grunt-open@~0.2.0" args=["grunt-open@~0.2.0",null]
166 verbose parsed url { protocol: null,
166 verbose parsed url   slashes: null,
166 verbose parsed url   auth: null,
166 verbose parsed url   host: null,
166 verbose parsed url   port: null,
166 verbose parsed url   hostname: null,
166 verbose parsed url   hash: null,
166 verbose parsed url   search: null,
166 verbose parsed url   query: null,
166 verbose parsed url   pathname: 'grunt-open@~0.2.0',
166 verbose parsed url   path: 'grunt-open@~0.2.0',
166 verbose parsed url   href: 'grunt-open@~0.2.0' }
167 verbose cache add name="grunt-open" spec="~0.2.0" args=["grunt-open","~0.2.0"]
168 verbose parsed url { protocol: null,
168 verbose parsed url   slashes: null,
168 verbose parsed url   auth: null,
168 verbose parsed url   host: null,
168 verbose parsed url   port: null,
168 verbose parsed url   hostname: null,
168 verbose parsed url   hash: null,
168 verbose parsed url   search: null,
168 verbose parsed url   query: null,
168 verbose parsed url   pathname: '~0.2.0',
168 verbose parsed url   path: '~0.2.0',
168 verbose parsed url   href: '~0.2.0' }
169 verbose addNamed [ 'grunt-open', '~0.2.0' ]
170 verbose addNamed [ null, '>=0.2.0-0 <0.3.0-0' ]
171 silly lockFile a449c8be-grunt-open-0-2-0 grunt-open@~0.2.0
172 verbose lock grunt-open@~0.2.0 /Users/n92792/.npm/a449c8be-grunt-open-0-2-0.lock
173 verbose cache add [ 'grunt-concurrent@~0.3.0', null ]
174 verbose cache add name=undefined spec="grunt-concurrent@~0.3.0" args=["grunt-concurrent@~0.3.0",null]
175 verbose parsed url { protocol: null,
175 verbose parsed url   slashes: null,
175 verbose parsed url   auth: null,
175 verbose parsed url   host: null,
175 verbose parsed url   port: null,
175 verbose parsed url   hostname: null,
175 verbose parsed url   hash: null,
175 verbose parsed url   search: null,
175 verbose parsed url   query: null,
175 verbose parsed url   pathname: 'grunt-concurrent@~0.3.0',
175 verbose parsed url   path: 'grunt-concurrent@~0.3.0',
175 verbose parsed url   href: 'grunt-concurrent@~0.3.0' }
176 verbose cache add name="grunt-concurrent" spec="~0.3.0" args=["grunt-concurrent","~0.3.0"]
177 verbose parsed url { protocol: null,
177 verbose parsed url   slashes: null,
177 verbose parsed url   auth: null,
177 verbose parsed url   host: null,
177 verbose parsed url   port: null,
177 verbose parsed url   hostname: null,
177 verbose parsed url   hash: null,
177 verbose parsed url   search: null,
177 verbose parsed url   query: null,
177 verbose parsed url   pathname: '~0.3.0',
177 verbose parsed url   path: '~0.3.0',
177 verbose parsed url   href: '~0.3.0' }
178 verbose addNamed [ 'grunt-concurrent', '~0.3.0' ]
179 verbose addNamed [ null, '>=0.3.0-0 <0.4.0-0' ]
180 silly lockFile 339cc45a-grunt-concurrent-0-3-0 grunt-concurrent@~0.3.0
181 verbose lock grunt-concurrent@~0.3.0 /Users/n92792/.npm/339cc45a-grunt-concurrent-0-3-0.lock
182 verbose cache add [ 'matchdep@~0.1.2', null ]
183 verbose cache add name=undefined spec="matchdep@~0.1.2" args=["matchdep@~0.1.2",null]
184 verbose parsed url { protocol: null,
184 verbose parsed url   slashes: null,
184 verbose parsed url   auth: null,
184 verbose parsed url   host: null,
184 verbose parsed url   port: null,
184 verbose parsed url   hostname: null,
184 verbose parsed url   hash: null,
184 verbose parsed url   search: null,
184 verbose parsed url   query: null,
184 verbose parsed url   pathname: 'matchdep@~0.1.2',
184 verbose parsed url   path: 'matchdep@~0.1.2',
184 verbose parsed url   href: 'matchdep@~0.1.2' }
185 verbose cache add name="matchdep" spec="~0.1.2" args=["matchdep","~0.1.2"]
186 verbose parsed url { protocol: null,
186 verbose parsed url   slashes: null,
186 verbose parsed url   auth: null,
186 verbose parsed url   host: null,
186 verbose parsed url   port: null,
186 verbose parsed url   hostname: null,
186 verbose parsed url   hash: null,
186 verbose parsed url   search: null,
186 verbose parsed url   query: null,
186 verbose parsed url   pathname: '~0.1.2',
186 verbose parsed url   path: '~0.1.2',
186 verbose parsed url   href: '~0.1.2' }
187 verbose addNamed [ 'matchdep', '~0.1.2' ]
188 verbose addNamed [ null, '>=0.1.2-0 <0.2.0-0' ]
189 silly lockFile 33e499db-matchdep-0-1-2 matchdep@~0.1.2
190 verbose lock matchdep@~0.1.2 /Users/n92792/.npm/33e499db-matchdep-0-1-2.lock
191 verbose cache add [ 'connect-livereload@~0.2.0', null ]
192 verbose cache add name=undefined spec="connect-livereload@~0.2.0" args=["connect-livereload@~0.2.0",null]
193 verbose parsed url { protocol: null,
193 verbose parsed url   slashes: null,
193 verbose parsed url   auth: null,
193 verbose parsed url   host: null,
193 verbose parsed url   port: null,
193 verbose parsed url   hostname: null,
193 verbose parsed url   hash: null,
193 verbose parsed url   search: null,
193 verbose parsed url   query: null,
193 verbose parsed url   pathname: 'connect-livereload@~0.2.0',
193 verbose parsed url   path: 'connect-livereload@~0.2.0',
193 verbose parsed url   href: 'connect-livereload@~0.2.0' }
194 verbose cache add name="connect-livereload" spec="~0.2.0" args=["connect-livereload","~0.2.0"]
195 verbose parsed url { protocol: null,
195 verbose parsed url   slashes: null,
195 verbose parsed url   auth: null,
195 verbose parsed url   host: null,
195 verbose parsed url   port: null,
195 verbose parsed url   hostname: null,
195 verbose parsed url   hash: null,
195 verbose parsed url   search: null,
195 verbose parsed url   query: null,
195 verbose parsed url   pathname: '~0.2.0',
195 verbose parsed url   path: '~0.2.0',
195 verbose parsed url   href: '~0.2.0' }
196 verbose addNamed [ 'connect-livereload', '~0.2.0' ]
197 verbose addNamed [ null, '>=0.2.0-0 <0.3.0-0' ]
198 silly lockFile 78f564f0-connect-livereload-0-2-0 connect-livereload@~0.2.0
199 verbose lock connect-livereload@~0.2.0 /Users/n92792/.npm/78f564f0-connect-livereload-0-2-0.lock
200 verbose cache add [ 'grunt-google-cdn@~0.2.0', null ]
201 verbose cache add name=undefined spec="grunt-google-cdn@~0.2.0" args=["grunt-google-cdn@~0.2.0",null]
202 verbose parsed url { protocol: null,
202 verbose parsed url   slashes: null,
202 verbose parsed url   auth: null,
202 verbose parsed url   host: null,
202 verbose parsed url   port: null,
202 verbose parsed url   hostname: null,
202 verbose parsed url   hash: null,
202 verbose parsed url   search: null,
202 verbose parsed url   query: null,
202 verbose parsed url   pathname: 'grunt-google-cdn@~0.2.0',
202 verbose parsed url   path: 'grunt-google-cdn@~0.2.0',
202 verbose parsed url   href: 'grunt-google-cdn@~0.2.0' }
203 verbose cache add name="grunt-google-cdn" spec="~0.2.0" args=["grunt-google-cdn","~0.2.0"]
204 verbose parsed url { protocol: null,
204 verbose parsed url   slashes: null,
204 verbose parsed url   auth: null,
204 verbose parsed url   host: null,
204 verbose parsed url   port: null,
204 verbose parsed url   hostname: null,
204 verbose parsed url   hash: null,
204 verbose parsed url   search: null,
204 verbose parsed url   query: null,
204 verbose parsed url   pathname: '~0.2.0',
204 verbose parsed url   path: '~0.2.0',
204 verbose parsed url   href: '~0.2.0' }
205 verbose addNamed [ 'grunt-google-cdn', '~0.2.0' ]
206 verbose addNamed [ null, '>=0.2.0-0 <0.3.0-0' ]
207 silly lockFile 9c4c1f15-grunt-google-cdn-0-2-0 grunt-google-cdn@~0.2.0
208 verbose lock grunt-google-cdn@~0.2.0 /Users/n92792/.npm/9c4c1f15-grunt-google-cdn-0-2-0.lock
209 verbose cache add [ 'grunt-ngmin@~0.0.2', null ]
210 verbose cache add name=undefined spec="grunt-ngmin@~0.0.2" args=["grunt-ngmin@~0.0.2",null]
211 verbose parsed url { protocol: null,
211 verbose parsed url   slashes: null,
211 verbose parsed url   auth: null,
211 verbose parsed url   host: null,
211 verbose parsed url   port: null,
211 verbose parsed url   hostname: null,
211 verbose parsed url   hash: null,
211 verbose parsed url   search: null,
211 verbose parsed url   query: null,
211 verbose parsed url   pathname: 'grunt-ngmin@~0.0.2',
211 verbose parsed url   path: 'grunt-ngmin@~0.0.2',
211 verbose parsed url   href: 'grunt-ngmin@~0.0.2' }
212 verbose cache add name="grunt-ngmin" spec="~0.0.2" args=["grunt-ngmin","~0.0.2"]
213 verbose parsed url { protocol: null,
213 verbose parsed url   slashes: null,
213 verbose parsed url   auth: null,
213 verbose parsed url   host: null,
213 verbose parsed url   port: null,
213 verbose parsed url   hostname: null,
213 verbose parsed url   hash: null,
213 verbose parsed url   search: null,
213 verbose parsed url   query: null,
213 verbose parsed url   pathname: '~0.0.2',
213 verbose parsed url   path: '~0.0.2',
213 verbose parsed url   href: '~0.0.2' }
214 verbose addNamed [ 'grunt-ngmin', '~0.0.2' ]
215 verbose addNamed [ null, '>=0.0.2-0 <0.1.0-0' ]
216 silly lockFile 07f9ec83-grunt-ngmin-0-0-2 grunt-ngmin@~0.0.2
217 verbose lock grunt-ngmin@~0.0.2 /Users/n92792/.npm/07f9ec83-grunt-ngmin-0-0-2.lock
218 silly lockFile 766a3bd3-grunt-0-4-1 grunt@~0.4.1
219 error Error: EACCES, open '/Users/n92792/.npm/766a3bd3-grunt-0-4-1.lock'
219 error  { [Error: EACCES, open '/Users/n92792/.npm/766a3bd3-grunt-0-4-1.lock']
219 error   errno: 3,
219 error   code: 'EACCES',
219 error   path: '/Users/n92792/.npm/766a3bd3-grunt-0-4-1.lock' }
220 error Please try running this command again as root/Administrator.
221 error System Darwin 12.3.0
222 error command "node" "/usr/local/bin/npm" "install"
223 error cwd /Users/n92792/Documents/workspace/H2H_Phonegap/h2h/platforms/android/assets
224 error node -v v0.10.15
225 error npm -v 1.3.5
226 error path /Users/n92792/.npm/766a3bd3-grunt-0-4-1.lock
227 error code EACCES
228 error errno 3
229 error stack Error: EACCES, open '/Users/n92792/.npm/766a3bd3-grunt-0-4-1.lock'
230 verbose exit [ 3, true ]
